<?xml version="1.0" encoding="UTF-8"?>
<testsuite xmlns:xsi="http://www.w3.org/2001/XMLSchema-instance" xsi:noNamespaceSchemaLocation="https://maven.apache.org/surefire/maven-surefire-plugin/xsd/surefire-test-report.xsd" name="com.example.transformation.service.TransformationServiceTest" time="1.129" tests="31" errors="0" skipped="0" failures="5">
  <properties>
[...]
</properties>
  <testcase name="testConditionalMapping_ConditionMet_XPathValue" classname="com.example.transformation.service.TransformationServiceTest" time="0.49"/>
  <testcase name="testHierarchicalProcessing_ValidCount" classname="com.example.transformation.service.TransformationServiceTest" time="0.066">
    <failure message="expected: &lt;BCH001    10/26/2023SystemA                                                                     &#10;                    R001    Value for record 1  100.50                                            &#10;                    R002    Value for record 2  75.00                                             &#10;                    R003    Another value for re120.25                                            &#10;                                                3    FINAL     NOT_VALIDATED&gt; but was: &lt;BCH001    10/26/2023SystemA                                                                       &#10;                              R001    Value for record 1  100.50                                  &#10;                              R002    Value for record 2  75.00                                   &#10;                              R003    Another value for re120.25                                  &#10;                                                                    3    FINAL     NOT_VALIDATED  &gt;" type="org.opentest4j.AssertionFailedError"><![CDATA[org.opentest4j.AssertionFailedError:
expected: <BCH001    10/26/2023SystemA
                    R001    Value for record 1  100.50
                    R002    Value for record 2  75.00
                    R003    Another value for re120.25
                                                3    FINAL     NOT_VALIDATED> but was: <BCH001    10/26/2023SystemA
                              R001    Value for record 1  100.50
                              R002    Value for record 2  75.00
                              R003    Another value for re120.25
                                                                    3    FINAL     NOT_VALIDATED  >
	at com.example.transformation.service.TransformationServiceTest.testHierarchicalProcessing_ValidCount(TransformationServiceTest.java:645)
]]></failure>
    <system-out><![CDATA[02:48:53.418 [main] INFO com.example.transformation.service.TransformationService - Initializing TransformationService
02:48:53.420 [main] DEBUG com.example.transformation.service.TransformationService - DocumentBuilderFactory configured for secure parsing.
02:48:53.425 [main] DEBUG com.example.transformation.service.TransformationService - Attempting to parse XML data. Length: 834
02:48:53.427 [main] DEBUG com.example.transformation.service.TransformationService - XML data parsed successfully.
02:48:53.427 [main] INFO com.example.transformation.service.TransformationService - Starting flat file generation process.
02:48:53.444 [main] DEBUG com.example.transformation.service.TransformationService - Using JSON configuration: {
  "type": "fixed-width",
  "fields": [
    { "name": "BatchID", "length": 10 },
    { "name": "CreationDate", "length": 10 },
    { "name": "SourceSystem", "length": 10 },
    { "name": "RecordID", "length": 8 },
    { "name": "RecordData", "length": 20 },
    { "name": "RecordAmount", "length": 10 },
    { "name": "FooterRecordCount", "length": 5 },
    { "name": "FooterSummaryCode", "length": 10 },
    { "name": "ValidationStatus", "length": 15 }
  ],
  "headerConfig": {
    "fields": [
      {
        "name": "BatchID",
        "sourceXpath": "/transactionBatch/batchHeader/batchId"
      },
      {
        "name": "CreationDate",
        "sourceXpath": "/transactionBatch/batchHeader/creationDate",
        "sourceDateFormat": "yyyy-MM-dd'T'HH:mm:ss",
        "targetDateFormat": "MM/dd/yyyy"
      },
      {
        "name": "SourceSystem",
        "sourceXpath": "/transactionBatch/batchHeader/sourceSystem"
      }
    ]
  },
  "bodyConfig": {
    "baseXpath": "/transactionBatch/records/record",
    "countFieldAlias": "processedRecordCount",
    "fields": [
      {
        "name": "RecordID",
        "sourceXpath": "id"
      },
      {
        "name": "RecordData",
        "sourceXpath": "data"
      },
      {
        "name": "RecordAmount",
        "sourceXpath": "amount"
      }
    ]
  },
  "tailConfig": {
    "fields": [
      {
        "name": "FooterRecordCount",
        "sourceXpath": "/transactionBatch/batchFooter/totalRecords"
      },
      {
        "name": "FooterSummaryCode",
        "sourceXpath": "/transactionBatch/batchFooter/summaryCode"
      },
      {
        "name": "ValidationStatus",
        "placeholderValue": "NOT_VALIDATED"
      }
    ],
    "validationConfig": {
      "countSourceField": "FooterRecordCount",
      "expectedCountAlias": "processedRecordCount"
    }
  }
}

02:48:53.445 [main] DEBUG com.example.transformation.service.TransformationService - Processing header...
02:48:53.445 [main] DEBUG com.example.transformation.service.TransformationService - Generating single line. Context node type: DeferredDocumentImpl, Number of specific field definitions: 3
02:48:53.457 [main] DEBUG com.example.transformation.service.TransformationService - Processing body with baseXpath: /transactionBatch/records/record
02:48:53.459 [main] DEBUG com.example.transformation.service.TransformationService - Found 3 body elements.
02:48:53.459 [main] DEBUG com.example.transformation.service.TransformationService - Stored body count 3 with alias 'processedRecordCount'
02:48:53.459 [main] DEBUG com.example.transformation.service.TransformationService - Generating single line. Context node type: DeferredElementImpl, Number of specific field definitions: 3
02:48:53.462 [main] DEBUG com.example.transformation.service.TransformationService - Generating single line. Context node type: DeferredElementImpl, Number of specific field definitions: 3
02:48:53.465 [main] DEBUG com.example.transformation.service.TransformationService - Generating single line. Context node type: DeferredElementImpl, Number of specific field definitions: 3
02:48:53.467 [main] DEBUG com.example.transformation.service.TransformationService - Processing tail...
02:48:53.467 [main] DEBUG com.example.transformation.service.TransformationService - Generating single line. Context node type: DeferredDocumentImpl, Number of specific field definitions: 3
02:48:53.470 [main] INFO com.example.transformation.service.TransformationService - VALIDATION PASSED: Tail count matches actual processed body record count (3).
02:48:53.471 [main] INFO com.example.transformation.service.TransformationService - Flat file generation completed in 44 ms. Header lines: 1, Body lines: 3, Tail lines: 1
]]></system-out>
  </testcase>
  <testcase name="testDirectMapping_FixedWidth_Truncation" classname="com.example.transformation.service.TransformationServiceTest" time="0.027"/>
  <testcase name="testStringOperations_AllInSequence" classname="com.example.transformation.service.TransformationServiceTest" time="0.021"/>
  <testcase name="testDateFormatting_EmptySourceDate" classname="com.example.transformation.service.TransformationServiceTest" time="0.013"/>
  <testcase name="testHierarchicalProcessing_MismatchedCount" classname="com.example.transformation.service.TransformationServiceTest" time="0.067">
    <failure message="expected: &lt;BCH001    10/26/2023SystemA                                                                     &#10;                    R001    Value for record 1  100.50                                            &#10;                    R002    Value for record 2  75.00                                             &#10;                    R003    Another value for re120.25                                            &#10;                                                2    FINAL     NOT_VALIDATED&gt; but was: &lt;BCH001    10/26/2023SystemA                                                                       &#10;                              R001    Value for record 1  100.50                                  &#10;                              R002    Value for record 2  75.00                                   &#10;                              R003    Another value for re120.25                                  &#10;                                                                    2    FINAL     NOT_VALIDATED  &gt;" type="org.opentest4j.AssertionFailedError"><![CDATA[org.opentest4j.AssertionFailedError:
expected: <BCH001    10/26/2023SystemA
                    R001    Value for record 1  100.50
                    R002    Value for record 2  75.00
                    R003    Another value for re120.25
                                                2    FINAL     NOT_VALIDATED> but was: <BCH001    10/26/2023SystemA
                              R001    Value for record 1  100.50
                              R002    Value for record 2  75.00
                              R003    Another value for re120.25
                                                                    2    FINAL     NOT_VALIDATED  >
	at com.example.transformation.service.TransformationServiceTest.testHierarchicalProcessing_MismatchedCount(TransformationServiceTest.java:672)
]]></failure>
    <system-out><![CDATA[02:48:53.550 [main] INFO com.example.transformation.service.TransformationService - Initializing TransformationService
02:48:53.553 [main] DEBUG com.example.transformation.service.TransformationService - DocumentBuilderFactory configured for secure parsing.
02:48:53.555 [main] DEBUG com.example.transformation.service.TransformationService - Attempting to parse XML data. Length: 834
02:48:53.557 [main] DEBUG com.example.transformation.service.TransformationService - XML data parsed successfully.
02:48:53.558 [main] INFO com.example.transformation.service.TransformationService - Starting flat file generation process.
02:48:53.566 [main] DEBUG com.example.transformation.service.TransformationService - Using JSON configuration: {
  "type": "fixed-width",
  "fields": [
    { "name": "BatchID", "length": 10 },
    { "name": "CreationDate", "length": 10 },
    { "name": "SourceSystem", "length": 10 },
    { "name": "RecordID", "length": 8 },
    { "name": "RecordData", "length": 20 },
    { "name": "RecordAmount", "length": 10 },
    { "name": "FooterRecordCount", "length": 5 },
    { "name": "FooterSummaryCode", "length": 10 },
    { "name": "ValidationStatus", "length": 15 }
  ],
  "headerConfig": {
    "fields": [
      {
        "name": "BatchID",
        "sourceXpath": "/transactionBatch/batchHeader/batchId"
      },
      {
        "name": "CreationDate",
        "sourceXpath": "/transactionBatch/batchHeader/creationDate",
        "sourceDateFormat": "yyyy-MM-dd'T'HH:mm:ss",
        "targetDateFormat": "MM/dd/yyyy"
      },
      {
        "name": "SourceSystem",
        "sourceXpath": "/transactionBatch/batchHeader/sourceSystem"
      }
    ]
  },
  "bodyConfig": {
    "baseXpath": "/transactionBatch/records/record",
    "countFieldAlias": "processedRecordCount",
    "fields": [
      {
        "name": "RecordID",
        "sourceXpath": "id"
      },
      {
        "name": "RecordData",
        "sourceXpath": "data"
      },
      {
        "name": "RecordAmount",
        "sourceXpath": "amount"
      }
    ]
  },
  "tailConfig": {
    "fields": [
      {
        "name": "FooterRecordCount",
        "sourceXpath": "/transactionBatch/batchFooter/totalRecords"
      },
      {
        "name": "FooterSummaryCode",
        "sourceXpath": "/transactionBatch/batchFooter/summaryCode"
      },
      {
        "name": "ValidationStatus",
        "placeholderValue": "NOT_VALIDATED"
      }
    ],
    "validationConfig": {
      "countSourceField": "FooterRecordCount",
      "expectedCountAlias": "processedRecordCount"
    }
  }
}

02:48:53.566 [main] DEBUG com.example.transformation.service.TransformationService - Processing header...
02:48:53.566 [main] DEBUG com.example.transformation.service.TransformationService - Generating single line. Context node type: DeferredDocumentImpl, Number of specific field definitions: 3
02:48:53.575 [main] DEBUG com.example.transformation.service.TransformationService - Processing body with baseXpath: /transactionBatch/records/record
02:48:53.579 [main] DEBUG com.example.transformation.service.TransformationService - Found 3 body elements.
02:48:53.580 [main] DEBUG com.example.transformation.service.TransformationService - Stored body count 3 with alias 'processedRecordCount'
02:48:53.580 [main] DEBUG com.example.transformation.service.TransformationService - Generating single line. Context node type: DeferredElementImpl, Number of specific field definitions: 3
02:48:53.589 [main] DEBUG com.example.transformation.service.TransformationService - Generating single line. Context node type: DeferredElementImpl, Number of specific field definitions: 3
02:48:53.598 [main] DEBUG com.example.transformation.service.TransformationService - Generating single line. Context node type: DeferredElementImpl, Number of specific field definitions: 3
02:48:53.608 [main] DEBUG com.example.transformation.service.TransformationService - Processing tail...
02:48:53.608 [main] DEBUG com.example.transformation.service.TransformationService - Generating single line. Context node type: DeferredDocumentImpl, Number of specific field definitions: 3
02:48:53.614 [main] WARN com.example.transformation.service.TransformationService - VALIDATION FAILED: Tail count (2 from field 'FooterRecordCount') does not match actual processed body record count (3).
02:48:53.615 [main] INFO com.example.transformation.service.TransformationService - Flat file generation completed in 57 ms. Header lines: 1, Body lines: 3, Tail lines: 1
]]></system-out>
  </testcase>
  <testcase name="testDirectMapping_Delimited" classname="com.example.transformation.service.TransformationServiceTest" time="0.02"/>
  <testcase name="testStringOperations_Substring_InvalidIndices" classname="com.example.transformation.service.TransformationServiceTest" time="0.017"/>
  <testcase name="testFieldSplitting_NotEnoughParts" classname="com.example.transformation.service.TransformationServiceTest" time="0.02">
    <failure message="expected: &lt;one,two,MISSING&gt; but was: &lt;,,,&gt;" type="org.opentest4j.AssertionFailedError"><![CDATA[org.opentest4j.AssertionFailedError: expected: <one,two,MISSING> but was: <,,,>
	at com.example.transformation.service.TransformationServiceTest.testFieldSplitting_NotEnoughParts(TransformationServiceTest.java:513)
]]></failure>
    <system-out><![CDATA[02:48:53.657 [main] INFO com.example.transformation.service.TransformationService - Initializing TransformationService
02:48:53.659 [main] DEBUG com.example.transformation.service.TransformationService - DocumentBuilderFactory configured for secure parsing.
02:48:53.659 [main] DEBUG com.example.transformation.service.TransformationService - Attempting to parse XML data. Length: 33
02:48:53.661 [main] DEBUG com.example.transformation.service.TransformationService - XML data parsed successfully.
02:48:53.661 [main] INFO com.example.transformation.service.TransformationService - Starting flat file generation process.
02:48:53.668 [main] DEBUG com.example.transformation.service.TransformationService - Using JSON configuration: {"type": "delimited","delimiter": ",","fields": [  { "name": "FieldA"},  { "name": "FieldB"},  { "name": "FieldC", "placeholderValue": "MISSING"}],"bodyConfig": { "baseXpath": "/root", "fields": [  { "name": "_SplitSource", "sourceXpath": "data",     "splitConfig": { "delimiter": "\\|", "targetFieldNames": ["FieldA", "FieldB", "FieldC"] } },  { "name": "FieldA"},  { "name": "FieldB"},  { "name": "FieldC"}]}}
02:48:53.669 [main] DEBUG com.example.transformation.service.TransformationService - Processing body with baseXpath: /root
02:48:53.671 [main] DEBUG com.example.transformation.service.TransformationService - Found 1 body elements.
02:48:53.671 [main] DEBUG com.example.transformation.service.TransformationService - Generating single line. Context node type: DeferredElementImpl, Number of specific field definitions: 4
02:48:53.674 [main] INFO com.example.transformation.service.TransformationService - Flat file generation completed in 13 ms. Header lines: 0, Body lines: 1, Tail lines: 0
]]></system-out>
  </testcase>
  <testcase name="testDateFormatting_InvalidSourceDate" classname="com.example.transformation.service.TransformationServiceTest" time="0.016"/>
  <testcase name="testJsonConfig_EmptyFieldsArrayInBody" classname="com.example.transformation.service.TransformationServiceTest" time="0.009"/>
  <testcase name="testFieldSplitting_FixedWidthOutput" classname="com.example.transformation.service.TransformationServiceTest" time="0.018">
    <failure message="expected: &lt;val1 val2 val3 Def  &gt; but was: &lt;                    &gt;" type="org.opentest4j.AssertionFailedError"><![CDATA[org.opentest4j.AssertionFailedError: expected: <val1 val2 val3 Def  > but was: <                    >
	at com.example.transformation.service.TransformationServiceTest.testFieldSplitting_FixedWidthOutput(TransformationServiceTest.java:489)
]]></failure>
    <system-out><![CDATA[02:48:53.703 [main] INFO com.example.transformation.service.TransformationService - Initializing TransformationService
02:48:53.705 [main] DEBUG com.example.transformation.service.TransformationService - DocumentBuilderFactory configured for secure parsing.
02:48:53.706 [main] DEBUG com.example.transformation.service.TransformationService - Attempting to parse XML data. Length: 44
02:48:53.707 [main] DEBUG com.example.transformation.service.TransformationService - XML data parsed successfully.
02:48:53.707 [main] INFO com.example.transformation.service.TransformationService - Starting flat file generation process.
02:48:53.714 [main] DEBUG com.example.transformation.service.TransformationService - Using JSON configuration: {"type": "fixed-width","fields": [  { "name": "Output1", "length": 5 },  { "name": "Output2", "length": 5 },  { "name": "Output3", "length": 5 },  { "name": "Output4", "length": 5, "placeholderValue": "Def" }],"bodyConfig": { "baseXpath": "/root", "fields": [  { "name": "_SourceForSplit", "sourceXpath": "values",    "splitConfig": { "delimiter": ":", "targetFieldNames": ["Output1", "Output2", "Output3", "Output4"] } },  { "name": "Output1"},  { "name": "Output2"},  { "name": "Output3"},  { "name": "Output4"}]}}
02:48:53.714 [main] DEBUG com.example.transformation.service.TransformationService - Processing body with baseXpath: /root
02:48:53.717 [main] DEBUG com.example.transformation.service.TransformationService - Found 1 body elements.
02:48:53.717 [main] DEBUG com.example.transformation.service.TransformationService - Generating single line. Context node type: DeferredElementImpl, Number of specific field definitions: 5
02:48:53.721 [main] INFO com.example.transformation.service.TransformationService - Flat file generation completed in 14 ms. Header lines: 0, Body lines: 1, Tail lines: 0
]]></system-out>
  </testcase>
  <testcase name="testEmptyInputXml" classname="com.example.transformation.service.TransformationServiceTest" time="0.019"/>
  <testcase name="testStringOperations_ConcatWithNullInitialValue" classname="com.example.transformation.service.TransformationServiceTest" time="0.018"/>
  <testcase name="testXPathNotResolving_ShouldUsePlaceholder" classname="com.example.transformation.service.TransformationServiceTest" time="0.016"/>
  <testcase name="testFieldSplitting_DelimitedOutput" classname="com.example.transformation.service.TransformationServiceTest" time="0.02">
    <failure message="expected: &lt;part1,part2,part3&gt; but was: &lt;,,,,,,,&gt;" type="org.opentest4j.AssertionFailedError"><![CDATA[org.opentest4j.AssertionFailedError: expected: <part1,part2,part3> but was: <,,,,,,,>
	at com.example.transformation.service.TransformationServiceTest.testFieldSplitting_DelimitedOutput(TransformationServiceTest.java:460)
]]></failure>
    <system-out><![CDATA[02:48:53.778 [main] INFO com.example.transformation.service.TransformationService - Initializing TransformationService
02:48:53.779 [main] DEBUG com.example.transformation.service.TransformationService - DocumentBuilderFactory configured for secure parsing.
02:48:53.780 [main] DEBUG com.example.transformation.service.TransformationService - Attempting to parse XML data. Length: 43
02:48:53.781 [main] DEBUG com.example.transformation.service.TransformationService - XML data parsed successfully.
02:48:53.781 [main] INFO com.example.transformation.service.TransformationService - Starting flat file generation process.
02:48:53.790 [main] DEBUG com.example.transformation.service.TransformationService - Using JSON configuration: {"type": "delimited","delimiter": ",","fields": [  { "name": "FieldA" },  { "name": "FieldB" },  { "name": "FieldC" }],"bodyConfig": { "baseXpath": "/root", "fields": [  { "name": "_DataToSplit", "sourceXpath": "data",     "splitConfig": { "delimiter": "\\|", "targetFieldNames": ["FieldA", "FieldB", "FieldC"] } },  { "name": "FieldA", "placeholderValue":""},  { "name": "FieldB", "placeholderValue":""},  { "name": "FieldA", "placeholderValue":""},  { "name": "FieldB", "placeholderValue":""},  { "name": "FieldA", "placeholderValue":""},  { "name": "FieldB", "placeholderValue":""},  { "name": "FieldC", "placeholderValue":""}]}}
02:48:53.790 [main] DEBUG com.example.transformation.service.TransformationService - Processing body with baseXpath: /root
02:48:53.793 [main] DEBUG com.example.transformation.service.TransformationService - Found 1 body elements.
02:48:53.793 [main] DEBUG com.example.transformation.service.TransformationService - Generating single line. Context node type: DeferredElementImpl, Number of specific field definitions: 8
02:48:53.796 [main] INFO com.example.transformation.service.TransformationService - Flat file generation completed in 15 ms. Header lines: 0, Body lines: 1, Tail lines: 0
]]></system-out>
  </testcase>
  <testcase name="testDateFormatting_InvalidTargetPattern" classname="com.example.transformation.service.TransformationServiceTest" time="0.022"/>
  <testcase name="testIterativeProcessing_BodyConfig_Delimited" classname="com.example.transformation.service.TransformationServiceTest" time="0.027"/>
  <testcase name="testIterativeProcessing_BodyConfig_FixedWidth" classname="com.example.transformation.service.TransformationServiceTest" time="0.025"/>
  <testcase name="testConditionalMapping_ConditionNotMet_ConstantValue" classname="com.example.transformation.service.TransformationServiceTest" time="0.014"/>
  <testcase name="testConditionalMapping_ConditionNotMet_UsesSourceXPath" classname="com.example.transformation.service.TransformationServiceTest" time="0.018"/>
  <testcase name="testJsonConfig_MissingFieldsArrayInBody" classname="com.example.transformation.service.TransformationServiceTest" time="0.011"/>
  <testcase name="testConditionalMapping_ConditionNotMet_XPathValue" classname="com.example.transformation.service.TransformationServiceTest" time="0.017"/>
  <testcase name="testNoProcessingConfigsDefined" classname="com.example.transformation.service.TransformationServiceTest" time="0.01"/>
  <testcase name="testConditionalMapping_ConditionMet_ConstantValue" classname="com.example.transformation.service.TransformationServiceTest" time="0.013"/>
  <testcase name="testIterativeProcessing_NoItemsFound" classname="com.example.transformation.service.TransformationServiceTest" time="0.013"/>
  <testcase name="testAbsolutePathInRepeatingElement" classname="com.example.transformation.service.TransformationServiceTest" time="0.025"/>
  <testcase name="testMalformedXml" classname="com.example.transformation.service.TransformationServiceTest" time="0.006"/>
  <testcase name="testDateFormatting_ValidConversion" classname="com.example.transformation.service.TransformationServiceTest" time="0.014"/>
  <testcase name="testStringOperations_Substring_StartIndexGreaterThanEndIndex" classname="com.example.transformation.service.TransformationServiceTest" time="0.013"/>
  <testcase name="testDirectMapping_FixedWidth" classname="com.example.transformation.service.TransformationServiceTest" time="0.014"/>
</testsuite>